Mon Oct 14 09:31:34 EDT 2024
/home/m.maqboolbhutta/usman_ws/codes/OpenVPRLab
/home/m.maqboolbhutta/.conda/envs/openvpr/bin/python
Host: c1007a-s35
Other nodes: 
Starting  process(es) on each node...


╭───── Training dataset stats ─────╮
│                                  │
│  number of cities        3       │
│  number of places        5671    │
│  number of images        50038   │
│                                  │
╰──────────────────────────────────╯
╭──── Validation datasets ────╮
│                             │
│  msls-val                   │
│  ├── queries     740        │
│  └── references  18871      │
│  pitts30k-val               │
│  ├── queries     7608       │
│  └── references  10000      │
│                             │
╰─────────────────────────────╯
╭─────── Data configuration ────────╮
│                                   │
│  iterations per epoch    141      │
│  train batch size (PxK)  40x4     │
│  training image size     320x320  │
│  validation image size   320x320  │
│                                   │
╰───────────────────────────────────╯


┏━━━┳━━━━━━━━━━━━━━━┳━━━━━━━━━━━━━━━━━┳━━━━━━━━┳━━━━━━━┓
┃   ┃ Name          ┃ Type            ┃ Params ┃ Mode  ┃
┡━━━╇━━━━━━━━━━━━━━━╇━━━━━━━━━━━━━━━━━╇━━━━━━━━╇━━━━━━━┩
│ 0 │ backbone      │ ResNet          │  8.5 M │ eval  │
│ 1 │ aggregator    │ NetVLAD         │  131 K │ train │
│ 2 │ loss_function │ VPRLossFunction │      0 │ train │
└───┴───────────────┴─────────────────┴────────┴───────┘
Trainable params: 7.2 M                                                         
Non-trainable params: 1.4 M                                                     
Total params: 8.7 M                                                             
Total estimated model params size (MB): 34                                      


╭────────────── Recall@k Performance ──────────────╮
│                                                  │
│   Dataset         R@1     R@5    R@10    R@15    │
│  ──────────────────────────────────────────────  │
│   msls-val       46.08   59.46   63.24   66.22   │
│   pitts30k-val   83.74   94.51   96.78   97.58   │
│                                                  │
╰──────────────────────────────────────────────────╯




╭────────────── Recall@k Performance ──────────────╮
│                                                  │
│   Dataset         R@1     R@5    R@10    R@15    │
│  ──────────────────────────────────────────────  │
│   msls-val       54.73   65.41   69.59   72.16   │
│   pitts30k-val   86.59   95.77   97.59   98.17   │
│                                                  │
╰──────────────────────────────────────────────────╯




╭────────────── Recall@k Performance ──────────────╮
│                                                  │
│   Dataset         R@1     R@5    R@10    R@15    │
│  ──────────────────────────────────────────────  │
│   msls-val       58.78   68.78   73.65   75.95   │
│   pitts30k-val   87.80   95.93   97.90   98.41   │
│                                                  │
╰──────────────────────────────────────────────────╯




╭────────────── Recall@k Performance ──────────────╮
│                                                  │
│   Dataset         R@1     R@5    R@10    R@15    │
│  ──────────────────────────────────────────────  │
│   msls-val       65.14   75.81   79.59   82.03   │
│   pitts30k-val   88.96   96.48   97.95   98.57   │
│                                                  │
╰──────────────────────────────────────────────────╯




╭────────────── Recall@k Performance ──────────────╮
│                                                  │
│   Dataset         R@1     R@5    R@10    R@15    │
│  ──────────────────────────────────────────────  │
│   msls-val       67.84   77.57   80.54   83.24   │
│   pitts30k-val   89.73   96.67   98.19   98.63   │
│                                                  │
╰──────────────────────────────────────────────────╯




╭────────────── Recall@k Performance ──────────────╮
│                                                  │
│   Dataset         R@1     R@5    R@10    R@15    │
│  ──────────────────────────────────────────────  │
│   msls-val       69.32   79.05   82.16   84.32   │
│   pitts30k-val   89.80   96.90   98.15   98.62   │
│                                                  │
╰──────────────────────────────────────────────────╯




╭────────────── Recall@k Performance ──────────────╮
│                                                  │
│   Dataset         R@1     R@5    R@10    R@15    │
│  ──────────────────────────────────────────────  │
│   msls-val       69.73   80.54   83.24   84.19   │
│   pitts30k-val   90.62   97.07   98.37   98.90   │
│                                                  │
╰──────────────────────────────────────────────────╯




╭────────────── Recall@k Performance ──────────────╮
│                                                  │
│   Dataset         R@1     R@5    R@10    R@15    │
│  ──────────────────────────────────────────────  │
│   msls-val       71.89   81.08   84.73   86.35   │
│   pitts30k-val   90.54   97.12   98.24   98.62   │
│                                                  │
╰──────────────────────────────────────────────────╯




╭────────────── Recall@k Performance ──────────────╮
│                                                  │
│   Dataset         R@1     R@5    R@10    R@15    │
│  ──────────────────────────────────────────────  │
│   msls-val       74.86   83.51   86.35   87.70   │
│   pitts30k-val   90.43   97.15   98.29   98.63   │
│                                                  │
╰──────────────────────────────────────────────────╯




╭────────────── Recall@k Performance ──────────────╮
│                                                  │
│   Dataset         R@1     R@5    R@10    R@15    │
│  ──────────────────────────────────────────────  │
│   msls-val       75.14   83.65   86.76   87.43   │
│   pitts30k-val   90.85   97.08   98.32   98.76   │
│                                                  │
╰──────────────────────────────────────────────────╯




╭────────────── Recall@k Performance ──────────────╮
│                                                  │
│   Dataset         R@1     R@5    R@10    R@15    │
│  ──────────────────────────────────────────────  │
│   msls-val       75.14   84.05   86.35   87.97   │
│   pitts30k-val   91.15   96.94   98.17   98.66   │
│                                                  │
╰──────────────────────────────────────────────────╯




╭────────────── Recall@k Performance ──────────────╮
│                                                  │
│   Dataset         R@1     R@5    R@10    R@15    │
│  ──────────────────────────────────────────────  │
│   msls-val       75.27   84.86   86.76   88.24   │
│   pitts30k-val   91.04   96.78   98.29   98.63   │
│                                                  │
╰──────────────────────────────────────────────────╯




╭────────────── Recall@k Performance ──────────────╮
│                                                  │
│   Dataset         R@1     R@5    R@10    R@15    │
│  ──────────────────────────────────────────────  │
│   msls-val       75.68   85.41   87.57   88.78   │
│   pitts30k-val   90.97   96.94   98.24   98.67   │
│                                                  │
╰──────────────────────────────────────────────────╯




╭────────────── Recall@k Performance ──────────────╮
│                                                  │
│   Dataset         R@1     R@5    R@10    R@15    │
│  ──────────────────────────────────────────────  │
│   msls-val       75.54   84.19   86.76   88.38   │
│   pitts30k-val   91.29   97.19   98.30   98.71   │
│                                                  │
╰──────────────────────────────────────────────────╯




╭────────────── Recall@k Performance ──────────────╮
│                                                  │
│   Dataset         R@1     R@5    R@10    R@15    │
│  ──────────────────────────────────────────────  │
│   msls-val       77.97   85.27   87.84   89.46   │
│   pitts30k-val   91.01   96.98   98.26   98.62   │
│                                                  │
╰──────────────────────────────────────────────────╯




╭────────────── Recall@k Performance ──────────────╮
│                                                  │
│   Dataset         R@1     R@5    R@10    R@15    │
│  ──────────────────────────────────────────────  │
│   msls-val       78.24   86.76   89.46   90.95   │
│   pitts30k-val   91.35   97.27   98.33   98.66   │
│                                                  │
╰──────────────────────────────────────────────────╯




╭────────────── Recall@k Performance ──────────────╮
│                                                  │
│   Dataset         R@1     R@5    R@10    R@15    │
│  ──────────────────────────────────────────────  │
│   msls-val       77.97   86.08   88.92   90.27   │
│   pitts30k-val   91.25   97.24   98.38   98.74   │
│                                                  │
╰──────────────────────────────────────────────────╯




╭────────────── Recall@k Performance ──────────────╮
│                                                  │
│   Dataset         R@1     R@5    R@10    R@15    │
│  ──────────────────────────────────────────────  │
│   msls-val       78.78   86.08   89.05   89.86   │
│   pitts30k-val   91.54   97.31   98.45   98.67   │
│                                                  │
╰──────────────────────────────────────────────────╯




╭────────────── Recall@k Performance ──────────────╮
│                                                  │
│   Dataset         R@1     R@5    R@10    R@15    │
│  ──────────────────────────────────────────────  │
│   msls-val       79.32   86.89   89.73   90.68   │
│   pitts30k-val   91.22   97.10   98.40   98.76   │
│                                                  │
╰──────────────────────────────────────────────────╯




╭────────────── Recall@k Performance ──────────────╮
│                                                  │
│   Dataset         R@1     R@5    R@10    R@15    │
│  ──────────────────────────────────────────────  │
│   msls-val       78.24   86.49   88.38   89.32   │
│   pitts30k-val   91.47   97.29   98.33   98.65   │
│                                                  │
╰──────────────────────────────────────────────────╯




╭────────────── Recall@k Performance ──────────────╮
│                                                  │
│   Dataset         R@1     R@5    R@10    R@15    │
│  ──────────────────────────────────────────────  │
│   msls-val       78.51   86.08   88.65   89.59   │
│   pitts30k-val   91.81   97.42   98.37   98.66   │
│                                                  │
╰──────────────────────────────────────────────────╯




╭────────────── Recall@k Performance ──────────────╮
│                                                  │
│   Dataset         R@1     R@5    R@10    R@15    │
│  ──────────────────────────────────────────────  │
│   msls-val       78.65   86.76   88.92   90.54   │
│   pitts30k-val   91.65   97.42   98.33   98.62   │
│                                                  │
╰──────────────────────────────────────────────────╯




╭────────────── Recall@k Performance ──────────────╮
│                                                  │
│   Dataset         R@1     R@5    R@10    R@15    │
│  ──────────────────────────────────────────────  │
│   msls-val       78.92   86.49   89.46   90.54   │
│   pitts30k-val   92.03   97.25   98.40   98.67   │
│                                                  │
╰──────────────────────────────────────────────────╯




╭────────────── Recall@k Performance ──────────────╮
│                                                  │
│   Dataset         R@1     R@5    R@10    R@15    │
│  ──────────────────────────────────────────────  │
│   msls-val       79.46   86.22   88.51   90.68   │
│   pitts30k-val   91.81   97.36   98.42   98.69   │
│                                                  │
╰──────────────────────────────────────────────────╯




╭────────────── Recall@k Performance ──────────────╮
│                                                  │
│   Dataset         R@1     R@5    R@10    R@15    │
│  ──────────────────────────────────────────────  │
│   msls-val       79.59   86.35   89.46   90.68   │
│   pitts30k-val   91.63   97.38   98.40   98.63   │
│                                                  │
╰──────────────────────────────────────────────────╯




╭────────────── Recall@k Performance ──────────────╮
│                                                  │
│   Dataset         R@1     R@5    R@10    R@15    │
│  ──────────────────────────────────────────────  │
│   msls-val       79.19   86.76   89.46   90.95   │
│   pitts30k-val   91.96   97.38   98.41   98.74   │
│                                                  │
╰──────────────────────────────────────────────────╯




╭────────────── Recall@k Performance ──────────────╮
│                                                  │
│   Dataset         R@1     R@5    R@10    R@15    │
│  ──────────────────────────────────────────────  │
│   msls-val       80.00   86.08   89.19   90.27   │
│   pitts30k-val   92.00   97.36   98.38   98.71   │
│                                                  │
╰──────────────────────────────────────────────────╯




╭────────────── Recall@k Performance ──────────────╮
│                                                  │
│   Dataset         R@1     R@5    R@10    R@15    │
│  ──────────────────────────────────────────────  │
│   msls-val       79.86   86.08   89.19   90.27   │
│   pitts30k-val   91.90   97.29   98.36   98.71   │
│                                                  │
╰──────────────────────────────────────────────────╯




╭────────────── Recall@k Performance ──────────────╮
│                                                  │
│   Dataset         R@1     R@5    R@10    R@15    │
│  ──────────────────────────────────────────────  │
│   msls-val       80.27   86.62   89.46   90.41   │
│   pitts30k-val   91.93   97.23   98.42   98.70   │
│                                                  │
╰──────────────────────────────────────────────────╯




╭────────────── Recall@k Performance ──────────────╮
│                                                  │
│   Dataset         R@1     R@5    R@10    R@15    │
│  ──────────────────────────────────────────────  │
│   msls-val       80.00   87.43   89.32   90.00   │
│   pitts30k-val   91.82   97.29   98.36   98.74   │
│                                                  │
╰──────────────────────────────────────────────────╯




╭────────────── Recall@k Performance ──────────────╮
│                                                  │
│   Dataset         R@1     R@5    R@10    R@15    │
│  ──────────────────────────────────────────────  │
│   msls-val       80.27   87.43   89.19   90.27   │
│   pitts30k-val   91.86   97.28   98.48   98.78   │
│                                                  │
╰──────────────────────────────────────────────────╯




╭────────────── Recall@k Performance ──────────────╮
│                                                  │
│   Dataset         R@1     R@5    R@10    R@15    │
│  ──────────────────────────────────────────────  │
│   msls-val       80.14   87.16   89.19   90.41   │
│   pitts30k-val   91.97   97.32   98.44   98.79   │
│                                                  │
╰──────────────────────────────────────────────────╯




╭────────────── Recall@k Performance ──────────────╮
│                                                  │
│   Dataset         R@1     R@5    R@10    R@15    │
│  ──────────────────────────────────────────────  │
│   msls-val       80.14   87.16   89.32   90.41   │
│   pitts30k-val   91.98   97.32   98.48   98.80   │
│                                                  │
╰──────────────────────────────────────────────────╯




╭────────────── Recall@k Performance ──────────────╮
│                                                  │
│   Dataset         R@1     R@5    R@10    R@15    │
│  ──────────────────────────────────────────────  │
│   msls-val       80.54   87.43   89.19   90.41   │
│   pitts30k-val   91.94   97.31   98.44   98.75   │
│                                                  │
╰──────────────────────────────────────────────────╯




╭────────────── Recall@k Performance ──────────────╮
│                                                  │
│   Dataset         R@1     R@5    R@10    R@15    │
│  ──────────────────────────────────────────────  │
│   msls-val       80.27   87.16   89.46   90.41   │
│   pitts30k-val   91.96   97.32   98.46   98.76   │
│                                                  │
╰──────────────────────────────────────────────────╯




╭────────────── Recall@k Performance ──────────────╮
│                                                  │
│   Dataset         R@1     R@5    R@10    R@15    │
│  ──────────────────────────────────────────────  │
│   msls-val       80.54   87.43   89.32   90.54   │
│   pitts30k-val   91.97   97.31   98.46   98.74   │
│                                                  │
╰──────────────────────────────────────────────────╯




╭────────────── Recall@k Performance ──────────────╮
│                                                  │
│   Dataset         R@1     R@5    R@10    R@15    │
│  ──────────────────────────────────────────────  │
│   msls-val       80.54   87.30   89.46   90.68   │
│   pitts30k-val   91.93   97.29   98.45   98.76   │
│                                                  │
╰──────────────────────────────────────────────────╯




╭────────────── Recall@k Performance ──────────────╮
│                                                  │
│   Dataset         R@1     R@5    R@10    R@15    │
│  ──────────────────────────────────────────────  │
│   msls-val       80.54   87.16   89.32   90.68   │
│   pitts30k-val   91.86   97.29   98.41   98.78   │
│                                                  │
╰──────────────────────────────────────────────────╯




╭────────────── Recall@k Performance ──────────────╮
│                                                  │
│   Dataset         R@1     R@5    R@10    R@15    │
│  ──────────────────────────────────────────────  │
│   msls-val       80.41   87.30   89.46   90.68   │
│   pitts30k-val   91.94   97.32   98.44   98.78   │
│                                                  │
╰──────────────────────────────────────────────────╯




╭────────────── Recall@k Performance ──────────────╮
│                                                  │
│   Dataset         R@1     R@5    R@10    R@15    │
│  ──────────────────────────────────────────────  │
│   msls-val       80.27   86.89   89.19   90.54   │
│   pitts30k-val   91.94   97.34   98.42   98.75   │
│                                                  │
╰──────────────────────────────────────────────────╯


Epoch 39/39 ━━━━━━━━━━━━━━━━━ 142/142 0:00:41 • 0:00:00 3.65it/s v_num: 19.00   
                                                                 loss: 0.76     
                                                                 batch_acc: 0.27
