Mon Oct 14 08:13:16 EDT 2024
/home/m.maqboolbhutta/usman_ws/codes/OpenVPRLab
/home/m.maqboolbhutta/.conda/envs/openvpr/bin/python
Host: c1007a-s35
Other nodes: 
Starting  process(es) on each node...


╭───── Training dataset stats ─────╮
│                                  │
│  number of cities        3       │
│  number of places        5671    │
│  number of images        50038   │
│                                  │
╰──────────────────────────────────╯
╭──── Validation datasets ────╮
│                             │
│  msls-val                   │
│  ├── queries     740        │
│  └── references  18871      │
│  pitts30k-val               │
│  ├── queries     7608       │
│  └── references  10000      │
│                             │
╰─────────────────────────────╯
╭─────── Data configuration ────────╮
│                                   │
│  iterations per epoch    141      │
│  train batch size (PxK)  40x4     │
│  training image size     320x320  │
│  validation image size   320x320  │
│                                   │
╰───────────────────────────────────╯


┏━━━┳━━━━━━━━━━━━━━━┳━━━━━━━━━━━━━━━━━┳━━━━━━━━┳━━━━━━━┓
┃   ┃ Name          ┃ Type            ┃ Params ┃ Mode  ┃
┡━━━╇━━━━━━━━━━━━━━━╇━━━━━━━━━━━━━━━━━╇━━━━━━━━╇━━━━━━━┩
│ 0 │ backbone      │ ResNet          │  8.5 M │ eval  │
│ 1 │ aggregator    │ NetVLAD         │  131 K │ train │
│ 2 │ loss_function │ VPRLossFunction │      0 │ train │
└───┴───────────────┴─────────────────┴────────┴───────┘
Trainable params: 7.2 M                                                         
Non-trainable params: 1.4 M                                                     
Total params: 8.7 M                                                             
Total estimated model params size (MB): 34                                      


╭────────────── Recall@k Performance ──────────────╮
│                                                  │
│   Dataset         R@1     R@5    R@10    R@15    │
│  ──────────────────────────────────────────────  │
│   msls-val       50.68   61.62   67.57   69.59   │
│   pitts30k-val   81.27   92.35   94.94   96.14   │
│                                                  │
╰──────────────────────────────────────────────────╯




╭────────────── Recall@k Performance ──────────────╮
│                                                  │
│   Dataset         R@1     R@5    R@10    R@15    │
│  ──────────────────────────────────────────────  │
│   msls-val       59.73   71.35   74.59   77.16   │
│   pitts30k-val   79.26   90.34   93.63   94.90   │
│                                                  │
╰──────────────────────────────────────────────────╯




╭────────────── Recall@k Performance ──────────────╮
│                                                  │
│   Dataset         R@1     R@5    R@10    R@15    │
│  ──────────────────────────────────────────────  │
│   msls-val       59.19   71.62   74.19   76.35   │
│   pitts30k-val   78.46   89.72   93.44   94.95   │
│                                                  │
╰──────────────────────────────────────────────────╯




╭────────────── Recall@k Performance ──────────────╮
│                                                  │
│   Dataset         R@1     R@5    R@10    R@15    │
│  ──────────────────────────────────────────────  │
│   msls-val       60.27   72.70   76.62   78.51   │
│   pitts30k-val   77.50   89.56   93.40   94.76   │
│                                                  │
╰──────────────────────────────────────────────────╯




╭────────────── Recall@k Performance ──────────────╮
│                                                  │
│   Dataset         R@1     R@5    R@10    R@15    │
│  ──────────────────────────────────────────────  │
│   msls-val       58.38   71.89   75.41   77.84   │
│   pitts30k-val   76.95   90.00   93.31   94.90   │
│                                                  │
╰──────────────────────────────────────────────────╯




╭────────────── Recall@k Performance ──────────────╮
│                                                  │
│   Dataset         R@1     R@5    R@10    R@15    │
│  ──────────────────────────────────────────────  │
│   msls-val       60.14   72.43   77.70   79.73   │
│   pitts30k-val   77.44   90.09   93.06   94.30   │
│                                                  │
╰──────────────────────────────────────────────────╯




╭────────────── Recall@k Performance ──────────────╮
│                                                  │
│   Dataset         R@1     R@5    R@10    R@15    │
│  ──────────────────────────────────────────────  │
│   msls-val       63.78   74.05   76.89   79.46   │
│   pitts30k-val   80.03   91.18   94.27   95.49   │
│                                                  │
╰──────────────────────────────────────────────────╯




╭────────────── Recall@k Performance ──────────────╮
│                                                  │
│   Dataset         R@1     R@5    R@10    R@15    │
│  ──────────────────────────────────────────────  │
│   msls-val       61.08   73.38   77.57   79.59   │
│   pitts30k-val   81.66   92.43   94.93   96.03   │
│                                                  │
╰──────────────────────────────────────────────────╯




╭────────────── Recall@k Performance ──────────────╮
│                                                  │
│   Dataset         R@1     R@5    R@10    R@15    │
│  ──────────────────────────────────────────────  │
│   msls-val       63.78   75.14   78.92   81.35   │
│   pitts30k-val   78.92   91.42   94.12   95.39   │
│                                                  │
╰──────────────────────────────────────────────────╯




╭────────────── Recall@k Performance ──────────────╮
│                                                  │
│   Dataset         R@1     R@5    R@10    R@15    │
│  ──────────────────────────────────────────────  │
│   msls-val       64.05   74.32   77.70   80.41   │
│   pitts30k-val   79.68   91.55   94.30   95.61   │
│                                                  │
╰──────────────────────────────────────────────────╯




╭────────────── Recall@k Performance ──────────────╮
│                                                  │
│   Dataset         R@1     R@5    R@10    R@15    │
│  ──────────────────────────────────────────────  │
│   msls-val       65.00   76.49   80.95   82.84   │
│   pitts30k-val   81.10   92.68   94.86   96.12   │
│                                                  │
╰──────────────────────────────────────────────────╯




╭────────────── Recall@k Performance ──────────────╮
│                                                  │
│   Dataset         R@1     R@5    R@10    R@15    │
│  ──────────────────────────────────────────────  │
│   msls-val       63.92   74.86   80.00   82.43   │
│   pitts30k-val   80.76   91.96   94.49   95.75   │
│                                                  │
╰──────────────────────────────────────────────────╯




╭────────────── Recall@k Performance ──────────────╮
│                                                  │
│   Dataset         R@1     R@5    R@10    R@15    │
│  ──────────────────────────────────────────────  │
│   msls-val       63.51   75.68   80.14   82.57   │
│   pitts30k-val   79.31   91.52   94.40   95.82   │
│                                                  │
╰──────────────────────────────────────────────────╯




╭────────────── Recall@k Performance ──────────────╮
│                                                  │
│   Dataset         R@1     R@5    R@10    R@15    │
│  ──────────────────────────────────────────────  │
│   msls-val       63.51   76.35   79.86   82.43   │
│   pitts30k-val   80.13   92.49   95.24   96.28   │
│                                                  │
╰──────────────────────────────────────────────────╯




╭────────────── Recall@k Performance ──────────────╮
│                                                  │
│   Dataset         R@1     R@5    R@10    R@15    │
│  ──────────────────────────────────────────────  │
│   msls-val       63.92   74.59   77.57   80.68   │
│   pitts30k-val   79.69   92.65   95.41   96.52   │
│                                                  │
╰──────────────────────────────────────────────────╯




╭────────────── Recall@k Performance ──────────────╮
│                                                  │
│   Dataset         R@1     R@5    R@10    R@15    │
│  ──────────────────────────────────────────────  │
│   msls-val       64.05   75.95   79.05   80.95   │
│   pitts30k-val   78.44   91.47   94.52   95.79   │
│                                                  │
╰──────────────────────────────────────────────────╯




╭────────────── Recall@k Performance ──────────────╮
│                                                  │
│   Dataset         R@1     R@5    R@10    R@15    │
│  ──────────────────────────────────────────────  │
│   msls-val       65.27   76.35   79.05   80.41   │
│   pitts30k-val   79.11   92.11   94.86   96.11   │
│                                                  │
╰──────────────────────────────────────────────────╯




╭────────────── Recall@k Performance ──────────────╮
│                                                  │
│   Dataset         R@1     R@5    R@10    R@15    │
│  ──────────────────────────────────────────────  │
│   msls-val       65.41   77.84   80.68   82.70   │
│   pitts30k-val   80.78   92.92   95.72   96.85   │
│                                                  │
╰──────────────────────────────────────────────────╯




╭────────────── Recall@k Performance ──────────────╮
│                                                  │
│   Dataset         R@1     R@5    R@10    R@15    │
│  ──────────────────────────────────────────────  │
│   msls-val       65.68   76.76   81.08   82.16   │
│   pitts30k-val   81.41   93.06   95.45   96.52   │
│                                                  │
╰──────────────────────────────────────────────────╯




╭────────────── Recall@k Performance ──────────────╮
│                                                  │
│   Dataset         R@1     R@5    R@10    R@15    │
│  ──────────────────────────────────────────────  │
│   msls-val       63.11   75.81   79.86   81.49   │
│   pitts30k-val   80.22   91.73   95.06   96.07   │
│                                                  │
╰──────────────────────────────────────────────────╯




╭────────────── Recall@k Performance ──────────────╮
│                                                  │
│   Dataset         R@1     R@5    R@10    R@15    │
│  ──────────────────────────────────────────────  │
│   msls-val       65.14   75.41   79.86   81.76   │
│   pitts30k-val   81.86   92.97   95.70   96.73   │
│                                                  │
╰──────────────────────────────────────────────────╯




╭────────────── Recall@k Performance ──────────────╮
│                                                  │
│   Dataset         R@1     R@5    R@10    R@15    │
│  ──────────────────────────────────────────────  │
│   msls-val       65.41   77.16   80.00   81.62   │
│   pitts30k-val   81.53   93.15   95.93   96.86   │
│                                                  │
╰──────────────────────────────────────────────────╯




╭────────────── Recall@k Performance ──────────────╮
│                                                  │
│   Dataset         R@1     R@5    R@10    R@15    │
│  ──────────────────────────────────────────────  │
│   msls-val       66.08   76.22   80.14   81.76   │
│   pitts30k-val   81.68   92.97   95.85   96.94   │
│                                                  │
╰──────────────────────────────────────────────────╯




╭────────────── Recall@k Performance ──────────────╮
│                                                  │
│   Dataset         R@1     R@5    R@10    R@15    │
│  ──────────────────────────────────────────────  │
│   msls-val       66.89   77.57   80.41   81.76   │
│   pitts30k-val   81.61   92.89   95.72   96.78   │
│                                                  │
╰──────────────────────────────────────────────────╯




╭────────────── Recall@k Performance ──────────────╮
│                                                  │
│   Dataset         R@1     R@5    R@10    R@15    │
│  ──────────────────────────────────────────────  │
│   msls-val       66.62   77.97   80.95   82.84   │
│   pitts30k-val   81.69   93.18   95.69   97.02   │
│                                                  │
╰──────────────────────────────────────────────────╯




╭────────────── Recall@k Performance ──────────────╮
│                                                  │
│   Dataset         R@1     R@5    R@10    R@15    │
│  ──────────────────────────────────────────────  │
│   msls-val       66.62   77.03   81.35   82.97   │
│   pitts30k-val   82.10   93.19   95.87   96.88   │
│                                                  │
╰──────────────────────────────────────────────────╯




╭────────────── Recall@k Performance ──────────────╮
│                                                  │
│   Dataset         R@1     R@5    R@10    R@15    │
│  ──────────────────────────────────────────────  │
│   msls-val       66.89   77.84   80.81   82.70   │
│   pitts30k-val   82.40   93.18   95.99   96.94   │
│                                                  │
╰──────────────────────────────────────────────────╯




╭────────────── Recall@k Performance ──────────────╮
│                                                  │
│   Dataset         R@1     R@5    R@10    R@15    │
│  ──────────────────────────────────────────────  │
│   msls-val       67.30   77.03   80.54   82.70   │
│   pitts30k-val   81.44   93.11   95.77   96.82   │
│                                                  │
╰──────────────────────────────────────────────────╯




╭────────────── Recall@k Performance ──────────────╮
│                                                  │
│   Dataset         R@1     R@5    R@10    R@15    │
│  ──────────────────────────────────────────────  │
│   msls-val       67.16   79.32   81.62   83.11   │
│   pitts30k-val   81.95   93.26   95.85   97.02   │
│                                                  │
╰──────────────────────────────────────────────────╯




╭────────────── Recall@k Performance ──────────────╮
│                                                  │
│   Dataset         R@1     R@5    R@10    R@15    │
│  ──────────────────────────────────────────────  │
│   msls-val       66.62   76.89   80.81   82.84   │
│   pitts30k-val   82.16   93.31   95.83   96.99   │
│                                                  │
╰──────────────────────────────────────────────────╯




╭────────────── Recall@k Performance ──────────────╮
│                                                  │
│   Dataset         R@1     R@5    R@10    R@15    │
│  ──────────────────────────────────────────────  │
│   msls-val       67.70   77.43   80.95   82.97   │
│   pitts30k-val   81.72   93.18   95.93   96.90   │
│                                                  │
╰──────────────────────────────────────────────────╯




╭────────────── Recall@k Performance ──────────────╮
│                                                  │
│   Dataset         R@1     R@5    R@10    R@15    │
│  ──────────────────────────────────────────────  │
│   msls-val       67.57   78.11   80.81   82.84   │
│   pitts30k-val   81.65   93.07   95.89   96.86   │
│                                                  │
╰──────────────────────────────────────────────────╯




╭────────────── Recall@k Performance ──────────────╮
│                                                  │
│   Dataset         R@1     R@5    R@10    R@15    │
│  ──────────────────────────────────────────────  │
│   msls-val       67.57   78.11   80.81   83.11   │
│   pitts30k-val   81.66   93.20   95.89   96.85   │
│                                                  │
╰──────────────────────────────────────────────────╯




╭────────────── Recall@k Performance ──────────────╮
│                                                  │
│   Dataset         R@1     R@5    R@10    R@15    │
│  ──────────────────────────────────────────────  │
│   msls-val       67.43   77.97   80.95   82.84   │
│   pitts30k-val   81.61   93.18   95.82   96.79   │
│                                                  │
╰──────────────────────────────────────────────────╯




╭────────────── Recall@k Performance ──────────────╮
│                                                  │
│   Dataset         R@1     R@5    R@10    R@15    │
│  ──────────────────────────────────────────────  │
│   msls-val       67.57   78.51   81.22   82.84   │
│   pitts30k-val   81.77   93.19   95.85   96.81   │
│                                                  │
╰──────────────────────────────────────────────────╯




╭────────────── Recall@k Performance ──────────────╮
│                                                  │
│   Dataset         R@1     R@5    R@10    R@15    │
│  ──────────────────────────────────────────────  │
│   msls-val       67.30   78.11   81.22   83.11   │
│   pitts30k-val   81.65   93.01   95.81   96.78   │
│                                                  │
╰──────────────────────────────────────────────────╯




╭────────────── Recall@k Performance ──────────────╮
│                                                  │
│   Dataset         R@1     R@5    R@10    R@15    │
│  ──────────────────────────────────────────────  │
│   msls-val       67.30   78.24   81.08   83.11   │
│   pitts30k-val   81.60   93.05   95.81   96.83   │
│                                                  │
╰──────────────────────────────────────────────────╯




╭────────────── Recall@k Performance ──────────────╮
│                                                  │
│   Dataset         R@1     R@5    R@10    R@15    │
│  ──────────────────────────────────────────────  │
│   msls-val       67.43   78.38   81.22   83.24   │
│   pitts30k-val   81.77   93.11   95.83   96.88   │
│                                                  │
╰──────────────────────────────────────────────────╯




╭────────────── Recall@k Performance ──────────────╮
│                                                  │
│   Dataset         R@1     R@5    R@10    R@15    │
│  ──────────────────────────────────────────────  │
│   msls-val       67.30   78.38   80.68   83.24   │
│   pitts30k-val   81.93   93.19   95.85   96.83   │
│                                                  │
╰──────────────────────────────────────────────────╯




╭────────────── Recall@k Performance ──────────────╮
│                                                  │
│   Dataset         R@1     R@5    R@10    R@15    │
│  ──────────────────────────────────────────────  │
│   msls-val       67.43   78.24   80.68   82.97   │
│   pitts30k-val   81.72   93.11   95.83   96.91   │
│                                                  │
╰──────────────────────────────────────────────────╯


Epoch 39/39 ━━━━━━━━━━━━━━━━━ 142/142 0:00:41 • 0:00:00 3.64it/s v_num: 18.00   
                                                                 loss: 0.04     
                                                                 batch_acc: 0.48
